[2025-08-27 12:33:33] production.ERROR: Please provide a valid cache path. {"exception":"[object] (InvalidArgumentException(code: 0): Please provide a valid cache path. at D:\\OSPanel\\domains\\MarketAstroScience\\marketastroscience.com\\www\\vendor\\laravel\\framework\\src\\Illuminate\\View\\Compilers\\Compiler.php:67)
[stacktrace]
#0 D:\\OSPanel\\domains\\MarketAstroScience\\marketastroscience.com\\www\\vendor\\laravel\\framework\\src\\Illuminate\\View\\ViewServiceProvider.php(97): Illuminate\\View\\Compilers\\Compiler->__construct()
#1 D:\\OSPanel\\domains\\MarketAstroScience\\marketastroscience.com\\www\\vendor\\laravel\\framework\\src\\Illuminate\\Container\\Container.php(900): Illuminate\\View\\ViewServiceProvider->Illuminate\\View\\{closure}()
#2 D:\\OSPanel\\domains\\MarketAstroScience\\marketastroscience.com\\www\\vendor\\laravel\\framework\\src\\Illuminate\\Container\\Container.php(787): Illuminate\\Container\\Container->build()
#3 D:\\OSPanel\\domains\\MarketAstroScience\\marketastroscience.com\\www\\vendor\\laravel\\framework\\src\\Illuminate\\Foundation\\Application.php(1030): Illuminate\\Container\\Container->resolve()
#4 D:\\OSPanel\\domains\\MarketAstroScience\\marketastroscience.com\\www\\vendor\\laravel\\framework\\src\\Illuminate\\Container\\Container.php(723): Illuminate\\Foundation\\Application->resolve()
#5 D:\\OSPanel\\domains\\MarketAstroScience\\marketastroscience.com\\www\\vendor\\laravel\\framework\\src\\Illuminate\\Foundation\\Application.php(1015): Illuminate\\Container\\Container->make()
#6 D:\\OSPanel\\domains\\MarketAstroScience\\marketastroscience.com\\www\\vendor\\laravel\\framework\\src\\Illuminate\\Container\\Container.php(1446): Illuminate\\Foundation\\Application->make()
#7 D:\\OSPanel\\domains\\MarketAstroScience\\marketastroscience.com\\www\\vendor\\laravel\\framework\\src\\Illuminate\\Support\\Facades\\Facade.php(237): Illuminate\\Container\\Container->offsetGet()
#8 D:\\OSPanel\\domains\\MarketAstroScience\\marketastroscience.com\\www\\vendor\\laravel\\framework\\src\\Illuminate\\Support\\Facades\\Facade.php(208): Illuminate\\Support\\Facades\\Facade::resolveFacadeInstance()
#9 D:\\OSPanel\\domains\\MarketAstroScience\\marketastroscience.com\\www\\vendor\\laravel\\framework\\src\\Illuminate\\Support\\Facades\\Facade.php(351): Illuminate\\Support\\Facades\\Facade::getFacadeRoot()
#10 D:\\OSPanel\\domains\\MarketAstroScience\\marketastroscience.com\\www\\vendor\\livewire\\livewire\\src\\Mechanisms\\FrontendAssets\\FrontendAssets.php(30): Illuminate\\Support\\Facades\\Facade::__callStatic()
#11 D:\\OSPanel\\domains\\MarketAstroScience\\marketastroscience.com\\www\\vendor\\livewire\\livewire\\src\\LivewireServiceProvider.php(77): Livewire\\Mechanisms\\FrontendAssets\\FrontendAssets->boot()
#12 D:\\OSPanel\\domains\\MarketAstroScience\\marketastroscience.com\\www\\vendor\\livewire\\livewire\\src\\LivewireServiceProvider.php(19): Livewire\\LivewireServiceProvider->bootMechanisms()
#13 D:\\OSPanel\\domains\\MarketAstroScience\\marketastroscience.com\\www\\vendor\\laravel\\framework\\src\\Illuminate\\Container\\BoundMethod.php(36): Livewire\\LivewireServiceProvider->boot()
#14 D:\\OSPanel\\domains\\MarketAstroScience\\marketastroscience.com\\www\\vendor\\laravel\\framework\\src\\Illuminate\\Container\\Util.php(41): Illuminate\\Container\\BoundMethod::Illuminate\\Container\\{closure}()
#15 D:\\OSPanel\\domains\\MarketAstroScience\\marketastroscience.com\\www\\vendor\\laravel\\framework\\src\\Illuminate\\Container\\BoundMethod.php(93): Illuminate\\Container\\Util::unwrapIfClosure()
#16 D:\\OSPanel\\domains\\MarketAstroScience\\marketastroscience.com\\www\\vendor\\laravel\\framework\\src\\Illuminate\\Container\\BoundMethod.php(35): Illuminate\\Container\\BoundMethod::callBoundMethod()
#17 D:\\OSPanel\\domains\\MarketAstroScience\\marketastroscience.com\\www\\vendor\\laravel\\framework\\src\\Illuminate\\Container\\Container.php(662): Illuminate\\Container\\BoundMethod::call()
#18 D:\\OSPanel\\domains\\MarketAstroScience\\marketastroscience.com\\www\\vendor\\laravel\\framework\\src\\Illuminate\\Foundation\\Application.php(1103): Illuminate\\Container\\Container->call()
#19 D:\\OSPanel\\domains\\MarketAstroScience\\marketastroscience.com\\www\\vendor\\laravel\\framework\\src\\Illuminate\\Foundation\\Application.php(1084): Illuminate\\Foundation\\Application->bootProvider()
#20 [internal function]: Illuminate\\Foundation\\Application->Illuminate\\Foundation\\{closure}()
#21 D:\\OSPanel\\domains\\MarketAstroScience\\marketastroscience.com\\www\\vendor\\laravel\\framework\\src\\Illuminate\\Foundation\\Application.php(1083): array_walk()
#22 D:\\OSPanel\\domains\\MarketAstroScience\\marketastroscience.com\\www\\vendor\\laravel\\framework\\src\\Illuminate\\Foundation\\Bootstrap\\BootProviders.php(17): Illuminate\\Foundation\\Application->boot()
#23 D:\\OSPanel\\domains\\MarketAstroScience\\marketastroscience.com\\www\\vendor\\laravel\\framework\\src\\Illuminate\\Foundation\\Application.php(309): Illuminate\\Foundation\\Bootstrap\\BootProviders->bootstrap()
#24 D:\\OSPanel\\domains\\MarketAstroScience\\marketastroscience.com\\www\\vendor\\laravel\\framework\\src\\Illuminate\\Foundation\\Console\\Kernel.php(470): Illuminate\\Foundation\\Application->bootstrapWith()
#25 D:\\OSPanel\\domains\\MarketAstroScience\\marketastroscience.com\\www\\vendor\\laravel\\framework\\src\\Illuminate\\Foundation\\Console\\Kernel.php(194): Illuminate\\Foundation\\Console\\Kernel->bootstrap()
#26 D:\\OSPanel\\domains\\MarketAstroScience\\marketastroscience.com\\www\\vendor\\laravel\\framework\\src\\Illuminate\\Foundation\\Application.php(1187): Illuminate\\Foundation\\Console\\Kernel->handle()
#27 D:\\OSPanel\\domains\\MarketAstroScience\\marketastroscience.com\\www\\artisan(13): Illuminate\\Foundation\\Application->handleCommand()
#28 {main}
"} 
